<?xml version="1.0" encoding="UTF-8"?>
<!-- Generated by org.testng.reporters.JUnitReportReporter -->
<testsuite hostname="DESKTOP-I809MD1" failures="0" tests="1" name="hometest.HomePageTest2" time="23.375" errors="0" timestamp="2020-06-12T12:15:34 EDT" skipped="0">
  <testcase classname="hometest.HomePageTest2" name="testProducts" time="23.375"/>
  <system-out/>
</testsuite> <!-- hometest.HomePageTest2 -->
