<?xml version="1.0" encoding="UTF-8"?>
<!-- Generated by org.testng.reporters.JUnitReportReporter -->
<testsuite hostname="DESKTOP-I809MD1" failures="0" tests="1" name="hometest.AccountListMouseHoverTest" time="21.526" errors="0" timestamp="2020-06-12T12:14:50 EDT" skipped="0">
  <testcase classname="hometest.AccountListMouseHoverTest" name="testAmazonAccountAndList" time="21.526"/>
  <system-out/>
</testsuite> <!-- hometest.AccountListMouseHoverTest -->
