<?xml version="1.0" encoding="UTF-8"?>
<!-- Generated by org.testng.reporters.JUnitReportReporter -->
<testsuite hostname="DESKTOP-7MG7A7J" failures="0" tests="1" name="hometest.HomePageTest" time="16.570" errors="0" timestamp="2020-06-13T00:16:34 EDT" skipped="0">
  <testcase classname="hometest.HomePageTest" name="testSearchProduct" time="16.570"/>
  <system-out/>
</testsuite> <!-- hometest.HomePageTest -->
